<?xml version="1.0" encoding="UTF-8"?>
<testng-results ignored="0" total="1" passed="1" failed="0" skipped="0">
  <reporter-output>
  </reporter-output>
  <suite started-at="2022-03-11T09:36:11Z" name="Default suite" finished-at="2022-03-11T09:37:08Z" duration-ms="57124">
    <groups>
    </groups>
    <test started-at="2022-03-11T09:36:11Z" name="Default test" finished-at="2022-03-11T09:37:08Z" duration-ms="57124">
      <class name="com.umme.Registration_Form_Automation.RegistrationForm">
        <test-method signature="invokeBrowser()[pri:0, instance:com.umme.Registration_Form_Automation.RegistrationForm@4b7dc788]" started-at="2022-03-11T09:36:11Z" name="invokeBrowser" finished-at="2022-03-11T09:37:08Z" duration-ms="57055" status="PASS">
          <reporter-output>
          </reporter-output>
        </test-method> <!-- invokeBrowser -->
      </class> <!-- com.umme.Registration_Form_Automation.RegistrationForm -->
    </test> <!-- Default test -->
  </suite> <!-- Default suite -->
</testng-results>
